0 info it worked if it ends with ok
1 verbose cli [ '/usr/local/bin/node', '/usr/local/bin/npm', 'run', 'dev' ]
2 info using npm@3.8.8
3 info using node@v5.4.1
4 verbose run-script [ 'predev', 'dev', 'postdev' ]
5 info lifecycle dhdocs@0.0.1~predev: dhdocs@0.0.1
6 silly lifecycle dhdocs@0.0.1~predev: no script for predev, continuing
7 info lifecycle dhdocs@0.0.1~dev: dhdocs@0.0.1
8 verbose lifecycle dhdocs@0.0.1~dev: unsafe-perm in lifecycle true
9 verbose lifecycle dhdocs@0.0.1~dev: PATH: /usr/local/lib/node_modules/npm/bin/node-gyp-bin:/Users/luhuijian/Desktop/code/iDocument/node_modules/.bin:/usr/local/bin:/usr/local/bin:/usr/bin:/bin:/usr/sbin:/sbin
10 verbose lifecycle dhdocs@0.0.1~dev: CWD: /Users/luhuijian/Desktop/code/iDocument
11 silly lifecycle dhdocs@0.0.1~dev: Args: [ '-c', 'node dhdocs.js' ]
12 silly lifecycle dhdocs@0.0.1~dev: Returned: code: 1  signal: null
13 info lifecycle dhdocs@0.0.1~dev: Failed to exec dev script
14 verbose stack Error: dhdocs@0.0.1 dev: `node dhdocs.js`
14 verbose stack Exit status 1
14 verbose stack     at EventEmitter.<anonymous> (/usr/local/lib/node_modules/npm/lib/utils/lifecycle.js:244:16)
14 verbose stack     at emitTwo (events.js:87:13)
14 verbose stack     at EventEmitter.emit (events.js:172:7)
14 verbose stack     at ChildProcess.<anonymous> (/usr/local/lib/node_modules/npm/lib/utils/spawn.js:24:14)
14 verbose stack     at emitTwo (events.js:87:13)
14 verbose stack     at ChildProcess.emit (events.js:172:7)
14 verbose stack     at maybeClose (internal/child_process.js:821:16)
14 verbose stack     at Process.ChildProcess._handle.onexit (internal/child_process.js:211:5)
15 verbose pkgid dhdocs@0.0.1
16 verbose cwd /Users/luhuijian/Desktop/code/iDocument
17 error Darwin 15.5.0
18 error argv "/usr/local/bin/node" "/usr/local/bin/npm" "run" "dev"
19 error node v5.4.1
20 error npm  v3.8.8
21 error code ELIFECYCLE
22 error dhdocs@0.0.1 dev: `node dhdocs.js`
22 error Exit status 1
23 error Failed at the dhdocs@0.0.1 dev script 'node dhdocs.js'.
23 error Make sure you have the latest version of node.js and npm installed.
23 error If you do, this is most likely a problem with the dhdocs package,
23 error not with npm itself.
23 error Tell the author that this fails on your system:
23 error     node dhdocs.js
23 error You can get information on how to open an issue for this project with:
23 error     npm bugs dhdocs
23 error Or if that isn't available, you can get their info via:
23 error     npm owner ls dhdocs
23 error There is likely additional logging output above.
24 verbose exit [ 1, true ]
